<?xml version="1.0" encoding="UTF-8"?>
<testsuite xmlns:xsi="http://www.w3.org/2001/XMLSchema-instance" xsi:noNamespaceSchemaLocation="https://maven.apache.org/surefire/maven-surefire-plugin/xsd/surefire-test-report.xsd" name="TestSuite" time="55.846" tests="4" errors="0" skipped="0" failures="0">
  <properties>
    <property name="sun.desktop" value="windows"/>
    <property name="awt.toolkit" value="sun.awt.windows.WToolkit"/>
    <property name="java.specification.version" value="11"/>
    <property name="sun.cpu.isalist" value="amd64"/>
    <property name="sun.jnu.encoding" value="Cp1252"/>
    <property name="java.class.path" value="C:\Users\SHYAM ALLAM\Documents\VenkatEclipse\SeleniumTest\target\test-classes;C:\Users\SHYAM ALLAM\Documents\VenkatEclipse\SeleniumTest\target\classes;C:\Users\SHYAM ALLAM\.m2\repository\org\apache\axis2\axis2-adb\1.7.9\axis2-adb-1.7.9.jar;C:\Users\SHYAM ALLAM\.m2\repository\org\apache\axis2\axis2-kernel\1.7.9\axis2-kernel-1.7.9.jar;C:\Users\SHYAM ALLAM\.m2\repository\org\apache\ws\commons\axiom\axiom-api\1.2.21\axiom-api-1.2.21.jar;C:\Users\SHYAM ALLAM\.m2\repository\jaxen\jaxen\1.1.6\jaxen-1.1.6.jar;C:\Users\SHYAM ALLAM\.m2\repository\org\apache\geronimo\specs\geronimo-stax-api_1.0_spec\1.0.1\geronimo-stax-api_1.0_spec-1.0.1.jar;C:\Users\SHYAM ALLAM\.m2\repository\org\apache\james\apache-mime4j-core\0.7.2\apache-mime4j-core-0.7.2.jar;C:\Users\SHYAM ALLAM\.m2\repository\org\apache\ws\commons\axiom\axiom-impl\1.2.21\axiom-impl-1.2.21.jar;C:\Users\SHYAM ALLAM\.m2\repository\org\apache\geronimo\specs\geronimo-ws-metadata_2.0_spec\1.1.2\geronimo-ws-metadata_2.0_spec-1.1.2.jar;C:\Users\SHYAM ALLAM\.m2\repository\org\apache\geronimo\specs\geronimo-jta_1.1_spec\1.1\geronimo-jta_1.1_spec-1.1.jar;C:\Users\SHYAM ALLAM\.m2\repository\javax\servlet\servlet-api\2.3\servlet-api-2.3.jar;C:\Users\SHYAM ALLAM\.m2\repository\commons-fileupload\commons-fileupload\1.3.3\commons-fileupload-1.3.3.jar;C:\Users\SHYAM ALLAM\.m2\repository\wsdl4j\wsdl4j\1.6.2\wsdl4j-1.6.2.jar;C:\Users\SHYAM ALLAM\.m2\repository\org\apache\ws\xmlschema\xmlschema-core\2.2.1\xmlschema-core-2.2.1.jar;C:\Users\SHYAM ALLAM\.m2\repository\org\apache\neethi\neethi\3.0.3\neethi-3.0.3.jar;C:\Users\SHYAM ALLAM\.m2\repository\org\apache\woden\woden-core\1.0M10\woden-core-1.0M10.jar;C:\Users\SHYAM ALLAM\.m2\repository\commons-logging\commons-logging\1.1.1\commons-logging-1.1.1.jar;C:\Users\SHYAM ALLAM\.m2\repository\javax\ws\rs\jsr311-api\1.1.1\jsr311-api-1.1.1.jar;C:\Users\SHYAM ALLAM\.m2\repository\commons-io\commons-io\2.1\commons-io-2.1.jar;C:\Users\SHYAM ALLAM\.m2\repository\org\apache\ws\commons\axiom\axiom-dom\1.2.21\axiom-dom-1.2.21.jar;C:\Users\SHYAM ALLAM\.m2\repository\org\codehaus\woodstox\woodstox-core-asl\4.2.0\woodstox-core-asl-4.2.0.jar;C:\Users\SHYAM ALLAM\.m2\repository\org\codehaus\woodstox\stax2-api\3.1.1\stax2-api-3.1.1.jar;C:\Users\SHYAM ALLAM\.m2\repository\org\apache\geronimo\specs\geronimo-activation_1.1_spec\1.0.2\geronimo-activation_1.1_spec-1.0.2.jar;C:\Users\SHYAM ALLAM\.m2\repository\org\apache\axis2\axis2-transport-http\1.7.9\axis2-transport-http-1.7.9.jar;C:\Users\SHYAM ALLAM\.m2\repository\org\apache\httpcomponents\httpclient\4.5.3\httpclient-4.5.3.jar;C:\Users\SHYAM ALLAM\.m2\repository\org\apache\httpcomponents\httpcore\4.4.6\httpcore-4.4.6.jar;C:\Users\SHYAM ALLAM\.m2\repository\commons-codec\commons-codec\1.9\commons-codec-1.9.jar;C:\Users\SHYAM ALLAM\.m2\repository\commons-httpclient\commons-httpclient\3.1\commons-httpclient-3.1.jar;C:\Users\SHYAM ALLAM\.m2\repository\org\apache\axis2\axis2-transport-local\1.7.9\axis2-transport-local-1.7.9.jar;C:\Users\SHYAM ALLAM\.m2\repository\com\codeborne\phantomjsdriver\1.4.4\phantomjsdriver-1.4.4.jar;C:\Users\SHYAM ALLAM\.m2\repository\org\seleniumhq\selenium\selenium-api\3.8.1\selenium-api-3.8.1.jar;C:\Users\SHYAM ALLAM\.m2\repository\org\seleniumhq\selenium\selenium-remote-driver\3.8.1\selenium-remote-driver-3.8.1.jar;C:\Users\SHYAM ALLAM\.m2\repository\com\google\code\gson\gson\2.8.2\gson-2.8.2.jar;C:\Users\SHYAM ALLAM\.m2\repository\org\seleniumhq\selenium\selenium-java\3.141.59\selenium-java-3.141.59.jar;C:\Users\SHYAM ALLAM\.m2\repository\org\seleniumhq\selenium\selenium-chrome-driver\3.141.59\selenium-chrome-driver-3.141.59.jar;C:\Users\SHYAM ALLAM\.m2\repository\org\seleniumhq\selenium\selenium-edge-driver\3.141.59\selenium-edge-driver-3.141.59.jar;C:\Users\SHYAM ALLAM\.m2\repository\org\seleniumhq\selenium\selenium-firefox-driver\3.141.59\selenium-firefox-driver-3.141.59.jar;C:\Users\SHYAM ALLAM\.m2\repository\org\seleniumhq\selenium\selenium-ie-driver\3.141.59\selenium-ie-driver-3.141.59.jar;C:\Users\SHYAM ALLAM\.m2\repository\org\seleniumhq\selenium\selenium-opera-driver\3.141.59\selenium-opera-driver-3.141.59.jar;C:\Users\SHYAM ALLAM\.m2\repository\org\seleniumhq\selenium\selenium-safari-driver\3.141.59\selenium-safari-driver-3.141.59.jar;C:\Users\SHYAM ALLAM\.m2\repository\org\seleniumhq\selenium\selenium-support\3.141.59\selenium-support-3.141.59.jar;C:\Users\SHYAM ALLAM\.m2\repository\net\bytebuddy\byte-buddy\1.8.15\byte-buddy-1.8.15.jar;C:\Users\SHYAM ALLAM\.m2\repository\org\apache\commons\commons-exec\1.3\commons-exec-1.3.jar;C:\Users\SHYAM ALLAM\.m2\repository\com\google\guava\guava\25.0-jre\guava-25.0-jre.jar;C:\Users\SHYAM ALLAM\.m2\repository\com\google\code\findbugs\jsr305\1.3.9\jsr305-1.3.9.jar;C:\Users\SHYAM ALLAM\.m2\repository\org\checkerframework\checker-compat-qual\2.0.0\checker-compat-qual-2.0.0.jar;C:\Users\SHYAM ALLAM\.m2\repository\com\google\errorprone\error_prone_annotations\2.1.3\error_prone_annotations-2.1.3.jar;C:\Users\SHYAM ALLAM\.m2\repository\com\google\j2objc\j2objc-annotations\1.1\j2objc-annotations-1.1.jar;C:\Users\SHYAM ALLAM\.m2\repository\org\codehaus\mojo\animal-sniffer-annotations\1.14\animal-sniffer-annotations-1.14.jar;C:\Users\SHYAM ALLAM\.m2\repository\com\squareup\okhttp3\okhttp\3.11.0\okhttp-3.11.0.jar;C:\Users\SHYAM ALLAM\.m2\repository\com\squareup\okio\okio\1.14.0\okio-1.14.0.jar;C:\Users\SHYAM ALLAM\.m2\repository\org\testng\testng\7.0.0\testng-7.0.0.jar;C:\Users\SHYAM ALLAM\.m2\repository\com\beust\jcommander\1.72\jcommander-1.72.jar;C:\Users\SHYAM ALLAM\.m2\repository\org\apache\maven\surefire\surefire-testng-utils\2.21.0\surefire-testng-utils-2.21.0.jar;C:\Users\SHYAM ALLAM\.m2\repository\org\apache\maven\surefire\surefire-grouper\2.21.0\surefire-grouper-2.21.0.jar;"/>
    <property name="java.vm.vendor" value="Oracle Corporation"/>
    <property name="sun.arch.data.model" value="64"/>
    <property name="user.variant" value=""/>
    <property name="java.vendor.url" value="https://openjdk.java.net/"/>
    <property name="user.timezone" value=""/>
    <property name="java.vm.specification.version" value="11"/>
    <property name="os.name" value="Windows 8.1"/>
    <property name="sun.java.launcher" value="SUN_STANDARD"/>
    <property name="user.country" value="US"/>
    <property name="sun.boot.library.path" value="C:\Program Files\Java\jdk-11.0.7\bin"/>
    <property name="sun.java.command" value="C:\Users\SHYAMA~1\AppData\Local\Temp\surefire648032492072657289\surefirebooter15400642526902437732.jar C:\Users\SHYAM ALLAM\AppData\Local\Temp\surefire648032492072657289 2020-04-30T17-07-30_894-jvmRun1 surefire12696662118955519289tmp surefire_09143945865334241490tmp"/>
    <property name="jdk.debug" value="release"/>
    <property name="surefire.test.class.path" value="C:\Users\SHYAM ALLAM\Documents\VenkatEclipse\SeleniumTest\target\test-classes;C:\Users\SHYAM ALLAM\Documents\VenkatEclipse\SeleniumTest\target\classes;C:\Users\SHYAM ALLAM\.m2\repository\org\apache\axis2\axis2-adb\1.7.9\axis2-adb-1.7.9.jar;C:\Users\SHYAM ALLAM\.m2\repository\org\apache\axis2\axis2-kernel\1.7.9\axis2-kernel-1.7.9.jar;C:\Users\SHYAM ALLAM\.m2\repository\org\apache\ws\commons\axiom\axiom-api\1.2.21\axiom-api-1.2.21.jar;C:\Users\SHYAM ALLAM\.m2\repository\jaxen\jaxen\1.1.6\jaxen-1.1.6.jar;C:\Users\SHYAM ALLAM\.m2\repository\org\apache\geronimo\specs\geronimo-stax-api_1.0_spec\1.0.1\geronimo-stax-api_1.0_spec-1.0.1.jar;C:\Users\SHYAM ALLAM\.m2\repository\org\apache\james\apache-mime4j-core\0.7.2\apache-mime4j-core-0.7.2.jar;C:\Users\SHYAM ALLAM\.m2\repository\org\apache\ws\commons\axiom\axiom-impl\1.2.21\axiom-impl-1.2.21.jar;C:\Users\SHYAM ALLAM\.m2\repository\org\apache\geronimo\specs\geronimo-ws-metadata_2.0_spec\1.1.2\geronimo-ws-metadata_2.0_spec-1.1.2.jar;C:\Users\SHYAM ALLAM\.m2\repository\org\apache\geronimo\specs\geronimo-jta_1.1_spec\1.1\geronimo-jta_1.1_spec-1.1.jar;C:\Users\SHYAM ALLAM\.m2\repository\javax\servlet\servlet-api\2.3\servlet-api-2.3.jar;C:\Users\SHYAM ALLAM\.m2\repository\commons-fileupload\commons-fileupload\1.3.3\commons-fileupload-1.3.3.jar;C:\Users\SHYAM ALLAM\.m2\repository\wsdl4j\wsdl4j\1.6.2\wsdl4j-1.6.2.jar;C:\Users\SHYAM ALLAM\.m2\repository\org\apache\ws\xmlschema\xmlschema-core\2.2.1\xmlschema-core-2.2.1.jar;C:\Users\SHYAM ALLAM\.m2\repository\org\apache\neethi\neethi\3.0.3\neethi-3.0.3.jar;C:\Users\SHYAM ALLAM\.m2\repository\org\apache\woden\woden-core\1.0M10\woden-core-1.0M10.jar;C:\Users\SHYAM ALLAM\.m2\repository\commons-logging\commons-logging\1.1.1\commons-logging-1.1.1.jar;C:\Users\SHYAM ALLAM\.m2\repository\javax\ws\rs\jsr311-api\1.1.1\jsr311-api-1.1.1.jar;C:\Users\SHYAM ALLAM\.m2\repository\commons-io\commons-io\2.1\commons-io-2.1.jar;C:\Users\SHYAM ALLAM\.m2\repository\org\apache\ws\commons\axiom\axiom-dom\1.2.21\axiom-dom-1.2.21.jar;C:\Users\SHYAM ALLAM\.m2\repository\org\codehaus\woodstox\woodstox-core-asl\4.2.0\woodstox-core-asl-4.2.0.jar;C:\Users\SHYAM ALLAM\.m2\repository\org\codehaus\woodstox\stax2-api\3.1.1\stax2-api-3.1.1.jar;C:\Users\SHYAM ALLAM\.m2\repository\org\apache\geronimo\specs\geronimo-activation_1.1_spec\1.0.2\geronimo-activation_1.1_spec-1.0.2.jar;C:\Users\SHYAM ALLAM\.m2\repository\org\apache\axis2\axis2-transport-http\1.7.9\axis2-transport-http-1.7.9.jar;C:\Users\SHYAM ALLAM\.m2\repository\org\apache\httpcomponents\httpclient\4.5.3\httpclient-4.5.3.jar;C:\Users\SHYAM ALLAM\.m2\repository\org\apache\httpcomponents\httpcore\4.4.6\httpcore-4.4.6.jar;C:\Users\SHYAM ALLAM\.m2\repository\commons-codec\commons-codec\1.9\commons-codec-1.9.jar;C:\Users\SHYAM ALLAM\.m2\repository\commons-httpclient\commons-httpclient\3.1\commons-httpclient-3.1.jar;C:\Users\SHYAM ALLAM\.m2\repository\org\apache\axis2\axis2-transport-local\1.7.9\axis2-transport-local-1.7.9.jar;C:\Users\SHYAM ALLAM\.m2\repository\com\codeborne\phantomjsdriver\1.4.4\phantomjsdriver-1.4.4.jar;C:\Users\SHYAM ALLAM\.m2\repository\org\seleniumhq\selenium\selenium-api\3.8.1\selenium-api-3.8.1.jar;C:\Users\SHYAM ALLAM\.m2\repository\org\seleniumhq\selenium\selenium-remote-driver\3.8.1\selenium-remote-driver-3.8.1.jar;C:\Users\SHYAM ALLAM\.m2\repository\com\google\code\gson\gson\2.8.2\gson-2.8.2.jar;C:\Users\SHYAM ALLAM\.m2\repository\org\seleniumhq\selenium\selenium-java\3.141.59\selenium-java-3.141.59.jar;C:\Users\SHYAM ALLAM\.m2\repository\org\seleniumhq\selenium\selenium-chrome-driver\3.141.59\selenium-chrome-driver-3.141.59.jar;C:\Users\SHYAM ALLAM\.m2\repository\org\seleniumhq\selenium\selenium-edge-driver\3.141.59\selenium-edge-driver-3.141.59.jar;C:\Users\SHYAM ALLAM\.m2\repository\org\seleniumhq\selenium\selenium-firefox-driver\3.141.59\selenium-firefox-driver-3.141.59.jar;C:\Users\SHYAM ALLAM\.m2\repository\org\seleniumhq\selenium\selenium-ie-driver\3.141.59\selenium-ie-driver-3.141.59.jar;C:\Users\SHYAM ALLAM\.m2\repository\org\seleniumhq\selenium\selenium-opera-driver\3.141.59\selenium-opera-driver-3.141.59.jar;C:\Users\SHYAM ALLAM\.m2\repository\org\seleniumhq\selenium\selenium-safari-driver\3.141.59\selenium-safari-driver-3.141.59.jar;C:\Users\SHYAM ALLAM\.m2\repository\org\seleniumhq\selenium\selenium-support\3.141.59\selenium-support-3.141.59.jar;C:\Users\SHYAM ALLAM\.m2\repository\net\bytebuddy\byte-buddy\1.8.15\byte-buddy-1.8.15.jar;C:\Users\SHYAM ALLAM\.m2\repository\org\apache\commons\commons-exec\1.3\commons-exec-1.3.jar;C:\Users\SHYAM ALLAM\.m2\repository\com\google\guava\guava\25.0-jre\guava-25.0-jre.jar;C:\Users\SHYAM ALLAM\.m2\repository\com\google\code\findbugs\jsr305\1.3.9\jsr305-1.3.9.jar;C:\Users\SHYAM ALLAM\.m2\repository\org\checkerframework\checker-compat-qual\2.0.0\checker-compat-qual-2.0.0.jar;C:\Users\SHYAM ALLAM\.m2\repository\com\google\errorprone\error_prone_annotations\2.1.3\error_prone_annotations-2.1.3.jar;C:\Users\SHYAM ALLAM\.m2\repository\com\google\j2objc\j2objc-annotations\1.1\j2objc-annotations-1.1.jar;C:\Users\SHYAM ALLAM\.m2\repository\org\codehaus\mojo\animal-sniffer-annotations\1.14\animal-sniffer-annotations-1.14.jar;C:\Users\SHYAM ALLAM\.m2\repository\com\squareup\okhttp3\okhttp\3.11.0\okhttp-3.11.0.jar;C:\Users\SHYAM ALLAM\.m2\repository\com\squareup\okio\okio\1.14.0\okio-1.14.0.jar;C:\Users\SHYAM ALLAM\.m2\repository\org\testng\testng\7.0.0\testng-7.0.0.jar;C:\Users\SHYAM ALLAM\.m2\repository\com\beust\jcommander\1.72\jcommander-1.72.jar;C:\Users\SHYAM ALLAM\.m2\repository\org\apache\maven\surefire\surefire-testng-utils\2.21.0\surefire-testng-utils-2.21.0.jar;C:\Users\SHYAM ALLAM\.m2\repository\org\apache\maven\surefire\surefire-grouper\2.21.0\surefire-grouper-2.21.0.jar;"/>
    <property name="sun.cpu.endian" value="little"/>
    <property name="user.home" value="C:\Users\SHYAM ALLAM"/>
    <property name="user.language" value="en"/>
    <property name="java.specification.vendor" value="Oracle Corporation"/>
    <property name="java.version.date" value="2020-04-14"/>
    <property name="java.home" value="C:\Program Files\Java\jdk-11.0.7"/>
    <property name="file.separator" value="\"/>
    <property name="basedir" value="C:\Users\SHYAM ALLAM\Documents\VenkatEclipse\SeleniumTest"/>
    <property name="java.vm.compressedOopsMode" value="32-bit"/>
    <property name="line.separator" value="&#10;"/>
    <property name="java.specification.name" value="Java Platform API Specification"/>
    <property name="java.vm.specification.vendor" value="Oracle Corporation"/>
    <property name="java.awt.graphicsenv" value="sun.awt.Win32GraphicsEnvironment"/>
    <property name="surefire.real.class.path" value="C:\Users\SHYAMA~1\AppData\Local\Temp\surefire648032492072657289\surefirebooter15400642526902437732.jar"/>
    <property name="user.script" value=""/>
    <property name="sun.management.compiler" value="HotSpot 64-Bit Tiered Compilers"/>
    <property name="java.runtime.version" value="11.0.7+8-LTS"/>
    <property name="user.name" value="SHYAM ALLAM"/>
    <property name="path.separator" value=";"/>
    <property name="os.version" value="6.3"/>
    <property name="java.runtime.name" value="Java(TM) SE Runtime Environment"/>
    <property name="file.encoding" value="Cp1252"/>
    <property name="java.vm.name" value="Java HotSpot(TM) 64-Bit Server VM"/>
    <property name="java.vendor.version" value="18.9"/>
    <property name="localRepository" value="C:\Users\SHYAM ALLAM\.m2\repository"/>
    <property name="java.vendor.url.bug" value="https://bugreport.java.com/bugreport/"/>
    <property name="java.io.tmpdir" value="C:\Users\SHYAMA~1\AppData\Local\Temp\"/>
    <property name="java.version" value="11.0.7"/>
    <property name="user.dir" value="C:\Users\SHYAM ALLAM\Documents\VenkatEclipse\SeleniumTest"/>
    <property name="os.arch" value="amd64"/>
    <property name="java.vm.specification.name" value="Java Virtual Machine Specification"/>
    <property name="java.awt.printerjob" value="sun.awt.windows.WPrinterJob"/>
    <property name="sun.os.patch.level" value=""/>
    <property name="java.library.path" value="C:\Program Files\Java\jdk-11.0.7\bin;C:\Windows\Sun\Java\bin;C:\Windows\system32;C:\Windows;C:/Program Files/Java/jdk-11.0.7/bin/server;C:/Program Files/Java/jdk-11.0.7/bin;C:\Windows\system32;C:\Windows;C:\Windows\System32\Wbem;C:\Windows\System32\WindowsPowerShell\v1.0\;C:\Program Files (x86)\Intel\OpenCL SDK\2.0\bin\x86;C:\Program Files (x86)\Intel\OpenCL SDK\2.0\bin\x64;C:\Program Files\dotnet\;C:\Program Files\Java\jdk-11.0.7\bin;C:\Users\SHYAM ALLAM\AppData\Local\Programs\Microsoft VS Code\bin;C:\Users\SHYAM ALLAM\.dotnet\tools;C:\Users\SHYAM ALLAM\Desktop;;."/>
    <property name="java.vendor" value="Oracle Corporation"/>
    <property name="java.vm.info" value="mixed mode"/>
    <property name="java.vm.version" value="11.0.7+8-LTS"/>
    <property name="sun.io.unicode.encoding" value="UnicodeLittle"/>
    <property name="java.class.version" value="55.0"/>
  </properties>
  <testcase name="downloadFile" classname="selenium.test.TestNGTest" time="18.267"/>
  <testcase name="headLessBrowser" classname="selenium.test.TestNGTest" time="7.462"/>
  <testcase name="scrollUpAndDown" classname="selenium.test.TestNGTest" time="15.367"/>
  <testcase name="scrollUpAndDown" classname="com.tests.TestDemo" time="13.421"/>
</testsuite>