<?xml version="1.0" encoding="UTF-8"?>
<!-- Generated by org.testng.reporters.JUnitReportReporter -->
<testsuite hostname="SHYAM" failures="0" tests="3" name="selenium.test.TestNGTest" time="64.958" errors="0" timestamp="2020-04-30T17:07:07 IST" skipped="0">
  <testcase classname="selenium.test.TestNGTest" name="scrollUpAndDown" time="27.554"/>
  <system-out/>
  <testcase classname="selenium.test.TestNGTest" name="headLessBrowser" time="13.118"/>
  <system-out/>
  <testcase classname="selenium.test.TestNGTest" name="downloadFile" time="24.286"/>
  <system-out/>
</testsuite> <!-- selenium.test.TestNGTest -->
