<?xml version="1.0" encoding="UTF-8"?>
<!-- Generated by org.testng.reporters.JUnitReportReporter -->
<testsuite hostname="SHYAM" failures="0" tests="1" name="com.tests.TestDemo" time="12.439" errors="0" timestamp="2020-04-30T17:07:07 IST" skipped="0">
  <testcase classname="com.tests.TestDemo" name="scrollUpAndDown" time="12.439"/>
  <system-out/>
</testsuite> <!-- com.tests.TestDemo -->
