<?xml version="1.0" encoding="UTF-8"?>
<!-- Generated by org.testng.reporters.JUnitReportReporter -->
<testsuite hostname="SHYAM" failures="0" tests="1" name="com.tests.TestDemo" time="13.421" errors="0" timestamp="2020-04-30T17:08:28 IST" skipped="0">
  <testcase classname="com.tests.TestDemo" name="scrollUpAndDown" time="13.421"/>
</testsuite> <!-- com.tests.TestDemo -->
