<?xml version="1.0" encoding="UTF-8"?>
<!-- Generated by org.testng.reporters.JUnitReportReporter -->
<testsuite hostname="SHYAM" failures="0" tests="3" name="selenium.test.TestNGTest" time="41.106" errors="0" timestamp="2020-04-30T17:08:28 IST" skipped="0">
  <testcase classname="selenium.test.TestNGTest" name="downloadFile" time="18.270"/>
  <testcase classname="selenium.test.TestNGTest" name="headLessBrowser" time="7.469"/>
  <testcase classname="selenium.test.TestNGTest" name="scrollUpAndDown" time="15.367"/>
</testsuite> <!-- selenium.test.TestNGTest -->
